[2026-04-10 17:30:59,406] Rahuls-MacBook-Air/INFO/locust.main: Starting Locust 2.43.3
[2026-04-10 17:30:59,409] Rahuls-MacBook-Air/INFO/locust.runners: Shape test starting.
[2026-04-10 17:30:59,409] Rahuls-MacBook-Air/INFO/locust.runners: Shape worker starting
[2026-04-10 17:30:59,409] Rahuls-MacBook-Air/INFO/locust.runners: Shape test updating to 10 users at 10.00 spawn rate
[2026-04-10 17:30:59,409] Rahuls-MacBook-Air/INFO/locust.runners: Ramping to 10 users at a rate of 10.00 per second
[2026-04-10 17:30:59,410] Rahuls-MacBook-Air/INFO/locust.runners: All users spawned: {"CircuitThreeHopUser": 10} (10 total users)
[2026-04-10 17:31:59,635] Rahuls-MacBook-Air/INFO/locust.runners: Shape test updating to 50 users at 50.00 spawn rate
[2026-04-10 17:31:59,636] Rahuls-MacBook-Air/INFO/locust.runners: Ramping to 50 users at a rate of 50.00 per second
[2026-04-10 17:31:59,637] Rahuls-MacBook-Air/INFO/locust.runners: All users spawned: {"CircuitThreeHopUser": 50} (50 total users)
[2026-04-10 17:32:59,836] Rahuls-MacBook-Air/INFO/locust.runners: Shape test updating to 100 users at 100.00 spawn rate
[2026-04-10 17:32:59,838] Rahuls-MacBook-Air/INFO/locust.runners: Ramping to 100 users at a rate of 100.00 per second
[2026-04-10 17:32:59,840] Rahuls-MacBook-Air/INFO/locust.runners: All users spawned: {"CircuitThreeHopUser": 100} (100 total users)
[2026-04-10 17:34:00,020] Rahuls-MacBook-Air/INFO/locust.runners: Shape test updating to 200 users at 200.00 spawn rate
[2026-04-10 17:34:00,020] Rahuls-MacBook-Air/WARNING/locust.runners: Your selected spawn rate is very high (>100), and this is known to sometimes cause issues. Do you really need to ramp up that fast?
[2026-04-10 17:34:00,021] Rahuls-MacBook-Air/INFO/locust.runners: Ramping to 200 users at a rate of 200.00 per second
[2026-04-10 17:34:00,026] Rahuls-MacBook-Air/INFO/locust.runners: All users spawned: {"CircuitThreeHopUser": 200} (200 total users)
[2026-04-10 17:35:00,318] Rahuls-MacBook-Air/INFO/locust.runners: Shape test stopping
[2026-04-10 17:35:00,370] Rahuls-MacBook-Air/INFO/locust.main: --run-time limit reached, shutting down
[2026-04-10 17:35:00,376] Rahuls-MacBook-Air/INFO/botocore.credentials: Found credentials in environment variables.
[2026-04-10 17:35:01,205] Rahuls-MacBook-Air/INFO/circuit_3hop: [3hop] uploaded results to s3://hopvault-experiment-results-378591034789-us-west-2/experiment-1/3-hop/20260410T213500Z_stats.csv
[2026-04-10 17:35:01,209] Rahuls-MacBook-Air/INFO/locust.main: Shutting down (exit code 0)
